C51 COMPILER V9.60.0.0   MAIN                                                              05/30/2022 19:23:21 PAGE 1   


C51 COMPILER V9.60.0.0, COMPILATION OF MODULE MAIN
OBJECT MODULE PLACED IN main.obj
COMPILER INVOKED BY: C:\Keil_v5\C51\BIN\C51.EXE scr\main.c OPTIMIZE(8,SPEED) BROWSE DEBUG OBJECTEXTEND PRINT(.\Listings\
                    -main.lst) TABS(2) OBJECT(main.obj)

line level    source

   1          #include "reg52.h"
   2          
   3          sbit LED1=P2^0;
   4          
   5          void main()
   6          {
   7   1        LED1=0;
   8   1        while(1)
   9   1        {
  10   2        }
  11   1      }


MODULE INFORMATION:   STATIC OVERLAYABLE
   CODE SIZE        =      4    ----
   CONSTANT SIZE    =   ----    ----
   XDATA SIZE       =   ----    ----
   PDATA SIZE       =   ----    ----
   DATA SIZE        =   ----    ----
   IDATA SIZE       =   ----    ----
   BIT SIZE         =   ----    ----
END OF MODULE INFORMATION.


C51 COMPILATION COMPLETE.  0 WARNING(S),  0 ERROR(S)
